{"C:\\Users\\ALI MEHNDI\\Desktop\\NorthLadder\\Project-book-rental\\server\\dist\\app.mjs": {"path":"C:\\Users\\ALI MEHNDI\\Desktop\\NorthLadder\\Project-book-rental\\server\\dist\\app.mjs","statementMap":{"0":{"start":{"line":1,"column":0},"end":{"line":1,"column":30}},"1":{"start":{"line":2,"column":0},"end":{"line":2,"column":28}},"2":{"start":{"line":3,"column":0},"end":{"line":3,"column":66}},"3":{"start":{"line":4,"column":0},"end":{"line":4,"column":152}},"4":{"start":{"line":5,"column":0},"end":{"line":5,"column":61}},"5":{"start":{"line":6,"column":0},"end":{"line":6,"column":69}},"6":{"start":{"line":7,"column":0},"end":{"line":7,"column":65}},"7":{"start":{"line":8,"column":0},"end":{"line":8,"column":41}},"8":{"start":{"line":9,"column":0},"end":{"line":9,"column":24}},"9":{"start":{"line":10,"column":0},"end":{"line":10,"column":186}},"10":{"start":{"line":11,"column":0},"end":{"line":11,"column":48}},"11":{"start":{"line":12,"column":0},"end":{"line":12,"column":16}},"12":{"start":{"line":13,"column":13},"end":{"line":13,"column":17}},"13":{"start":{"line":15,"column":0},"end":{"line":15,"column":12}},"14":{"start":{"line":16,"column":13},"end":{"line":16,"column":29}},"15":{"start":{"line":17,"column":0},"end":{"line":17,"column":24}},"16":{"start":{"line":18,"column":0},"end":{"line":18,"column":49}},"17":{"start":{"line":19,"column":0},"end":{"line":19,"column":16}},"18":{"start":{"line":20,"column":0},"end":{"line":20,"column":24}},"19":{"start":{"line":21,"column":0},"end":{"line":23,"column":3}},"20":{"start":{"line":22,"column":4},"end":{"line":22,"column":44}},"21":{"start":{"line":27,"column":0},"end":{"line":27,"column":34}},"22":{"start":{"line":28,"column":0},"end":{"line":28,"column":41}},"23":{"start":{"line":29,"column":0},"end":{"line":29,"column":37}},"24":{"start":{"line":31,"column":0},"end":{"line":47,"column":3}},"25":{"start":{"line":32,"column":4},"end":{"line":46,"column":5}},"26":{"start":{"line":33,"column":25},"end":{"line":33,"column":44}},"27":{"start":{"line":34,"column":23},"end":{"line":34,"column":59}},"28":{"start":{"line":35,"column":8},"end":{"line":37,"column":9}},"29":{"start":{"line":36,"column":12},"end":{"line":36,"column":83}},"30":{"start":{"line":38,"column":30},"end":{"line":38,"column":86}},"31":{"start":{"line":39,"column":30},"end":{"line":39,"column":86}},"32":{"start":{"line":40,"column":30},"end":{"line":40,"column":86}},"33":{"start":{"line":41,"column":8},"end":{"line":41,"column":88}},"34":{"start":{"line":44,"column":8},"end":{"line":44,"column":66}},"35":{"start":{"line":45,"column":8},"end":{"line":45,"column":65}},"36":{"start":{"line":49,"column":0},"end":{"line":68,"column":3}},"37":{"start":{"line":50,"column":4},"end":{"line":67,"column":5}},"38":{"start":{"line":52,"column":27},"end":{"line":52,"column":48}},"39":{"start":{"line":54,"column":25},"end":{"line":54,"column":60}},"40":{"start":{"line":55,"column":8},"end":{"line":57,"column":9}},"41":{"start":{"line":56,"column":12},"end":{"line":56,"column":73}},"42":{"start":{"line":59,"column":30},"end":{"line":59,"column":76}},"43":{"start":{"line":60,"column":30},"end":{"line":60,"column":76}},"44":{"start":{"line":61,"column":30},"end":{"line":61,"column":76}},"45":{"start":{"line":62,"column":8},"end":{"line":62,"column":90}},"46":{"start":{"line":66,"column":8},"end":{"line":66,"column":65}}},"fnMap":{"0":{"name":"(anonymous_1)","decl":{"start":{"line":21,"column":13},"end":{"line":21,"column":14}},"loc":{"start":{"line":21,"column":26},"end":{"line":23,"column":1}}},"1":{"name":"(anonymous_2)","decl":{"start":{"line":31,"column":29},"end":{"line":31,"column":34}},"loc":{"start":{"line":31,"column":48},"end":{"line":47,"column":1}}},"2":{"name":"(anonymous_3)","decl":{"start":{"line":49,"column":33},"end":{"line":49,"column":38}},"loc":{"start":{"line":49,"column":52},"end":{"line":68,"column":1}}}},"branchMap":{"0":{"loc":{"start":{"line":35,"column":8},"end":{"line":37,"column":9}},"type":"if","locations":[{"start":{"line":35,"column":8},"end":{"line":37,"column":9}}]},"1":{"loc":{"start":{"line":55,"column":8},"end":{"line":57,"column":9}},"type":"if","locations":[{"start":{"line":55,"column":8},"end":{"line":57,"column":9}}]}},"s":{"0":6,"1":6,"2":6,"3":6,"4":6,"5":6,"6":6,"7":6,"8":6,"9":6,"10":6,"11":6,"12":6,"13":6,"14":6,"15":6,"16":6,"17":6,"18":6,"19":6,"20":0,"21":6,"22":6,"23":6,"24":6,"25":3,"26":3,"27":3,"28":3,"29":0,"30":3,"31":3,"32":3,"33":3,"34":0,"35":0,"36":6,"37":0,"38":0,"39":0,"40":0,"41":0,"42":0,"43":0,"44":0,"45":0,"46":0},"f":{"0":0,"1":3,"2":0},"b":{"0":[0],"1":[0]}}
,"C:\\Users\\ALI MEHNDI\\Desktop\\NorthLadder\\Project-book-rental\\server\\dist\\calculations\\calculateChargesFor2.mjs": {"path":"C:\\Users\\ALI MEHNDI\\Desktop\\NorthLadder\\Project-book-rental\\server\\dist\\calculations\\calculateChargesFor2.mjs","statementMap":{"0":{"start":{"line":1,"column":36},"end":{"line":3,"column":1}},"1":{"start":{"line":2,"column":4},"end":{"line":2,"column":22}},"2":{"start":{"line":10,"column":38},"end":{"line":10,"column":65}},"3":{"start":{"line":4,"column":36},"end":{"line":6,"column":1}},"4":{"start":{"line":5,"column":4},"end":{"line":5,"column":20}},"5":{"start":{"line":10,"column":9},"end":{"line":10,"column":36}},"6":{"start":{"line":7,"column":34},"end":{"line":9,"column":1}},"7":{"start":{"line":8,"column":4},"end":{"line":8,"column":22}},"8":{"start":{"line":10,"column":67},"end":{"line":10,"column":92}}},"fnMap":{"0":{"name":"(anonymous_0)","decl":{"start":{"line":1,"column":36},"end":{"line":1,"column":41}},"loc":{"start":{"line":1,"column":51},"end":{"line":3,"column":1}}},"1":{"name":"(anonymous_1)","decl":{"start":{"line":4,"column":36},"end":{"line":4,"column":41}},"loc":{"start":{"line":4,"column":51},"end":{"line":6,"column":1}}},"2":{"name":"(anonymous_2)","decl":{"start":{"line":7,"column":34},"end":{"line":7,"column":39}},"loc":{"start":{"line":7,"column":49},"end":{"line":9,"column":1}}}},"branchMap":{},"s":{"0":7,"1":4,"2":7,"3":7,"4":4,"5":7,"6":7,"7":4,"8":7},"f":{"0":4,"1":4,"2":4},"b":{}}
,"C:\\Users\\ALI MEHNDI\\Desktop\\NorthLadder\\Project-book-rental\\server\\dist\\calculations\\calculateChargesFor3.mjs": {"path":"C:\\Users\\ALI MEHNDI\\Desktop\\NorthLadder\\Project-book-rental\\server\\dist\\calculations\\calculateChargesFor3.mjs","statementMap":{"0":{"start":{"line":1,"column":36},"end":{"line":10,"column":1}},"1":{"start":{"line":2,"column":24},"end":{"line":2,"column":25}},"2":{"start":{"line":3,"column":4},"end":{"line":8,"column":5}},"3":{"start":{"line":4,"column":8},"end":{"line":4,"column":27}},"4":{"start":{"line":7,"column":8},"end":{"line":7,"column":46}},"5":{"start":{"line":9,"column":4},"end":{"line":9,"column":25}},"6":{"start":{"line":24,"column":38},"end":{"line":24,"column":65}},"7":{"start":{"line":11,"column":36},"end":{"line":13,"column":1}},"8":{"start":{"line":12,"column":4},"end":{"line":12,"column":20}},"9":{"start":{"line":24,"column":9},"end":{"line":24,"column":36}},"10":{"start":{"line":14,"column":34},"end":{"line":23,"column":1}},"11":{"start":{"line":15,"column":22},"end":{"line":15,"column":23}},"12":{"start":{"line":16,"column":4},"end":{"line":21,"column":5}},"13":{"start":{"line":17,"column":8},"end":{"line":17,"column":27}},"14":{"start":{"line":20,"column":8},"end":{"line":20,"column":46}},"15":{"start":{"line":22,"column":4},"end":{"line":22,"column":23}},"16":{"start":{"line":24,"column":67},"end":{"line":24,"column":92}}},"fnMap":{"0":{"name":"(anonymous_0)","decl":{"start":{"line":1,"column":36},"end":{"line":1,"column":41}},"loc":{"start":{"line":1,"column":51},"end":{"line":10,"column":1}}},"1":{"name":"(anonymous_1)","decl":{"start":{"line":11,"column":36},"end":{"line":11,"column":41}},"loc":{"start":{"line":11,"column":51},"end":{"line":13,"column":1}}},"2":{"name":"(anonymous_2)","decl":{"start":{"line":14,"column":34},"end":{"line":14,"column":39}},"loc":{"start":{"line":14,"column":49},"end":{"line":23,"column":1}}}},"branchMap":{"0":{"loc":{"start":{"line":3,"column":4},"end":{"line":8,"column":5}},"type":"if","locations":[{"start":{"line":3,"column":4},"end":{"line":8,"column":5}},{"start":{"line":6,"column":9},"end":{"line":8,"column":5}}]},"1":{"loc":{"start":{"line":16,"column":4},"end":{"line":21,"column":5}},"type":"if","locations":[{"start":{"line":16,"column":4},"end":{"line":21,"column":5}},{"start":{"line":19,"column":9},"end":{"line":21,"column":5}}]}},"s":{"0":7,"1":5,"2":5,"3":2,"4":3,"5":5,"6":7,"7":7,"8":3,"9":7,"10":7,"11":4,"12":4,"13":1,"14":3,"15":4,"16":7},"f":{"0":5,"1":3,"2":4},"b":{"0":[2,3],"1":[1,3]}}
,"C:\\Users\\ALI MEHNDI\\Desktop\\NorthLadder\\Project-book-rental\\server\\dist\\calculations\\calculateDaysBetweenDates.mjs": {"path":"C:\\Users\\ALI MEHNDI\\Desktop\\NorthLadder\\Project-book-rental\\server\\dist\\calculations\\calculateDaysBetweenDates.mjs","statementMap":{"0":{"start":{"line":3,"column":19},"end":{"line":3,"column":38}},"1":{"start":{"line":4,"column":18},"end":{"line":4,"column":37}},"2":{"start":{"line":5,"column":16},"end":{"line":5,"column":33}},"3":{"start":{"line":6,"column":4},"end":{"line":8,"column":5}},"4":{"start":{"line":7,"column":8},"end":{"line":7,"column":66}},"5":{"start":{"line":10,"column":21},"end":{"line":10,"column":85}},"6":{"start":{"line":11,"column":4},"end":{"line":11,"column":24}},"7":{"start":{"line":13,"column":9},"end":{"line":13,"column":34}}},"fnMap":{"0":{"name":"calculateDaysBetweenDates","decl":{"start":{"line":2,"column":9},"end":{"line":2,"column":34}},"loc":{"start":{"line":2,"column":53},"end":{"line":12,"column":1}}}},"branchMap":{"0":{"loc":{"start":{"line":6,"column":4},"end":{"line":8,"column":5}},"type":"if","locations":[{"start":{"line":6,"column":4},"end":{"line":8,"column":5}}]}},"s":{"0":14,"1":14,"2":14,"3":14,"4":1,"5":13,"6":13,"7":7},"f":{"0":14},"b":{"0":[1]}}
,"C:\\Users\\ALI MEHNDI\\Desktop\\NorthLadder\\Project-book-rental\\server\\dist\\calculations\\calculateRentByCustomerId.mjs": {"path":"C:\\Users\\ALI MEHNDI\\Desktop\\NorthLadder\\Project-book-rental\\server\\dist\\calculations\\calculateRentByCustomerId.mjs","statementMap":{"0":{"start":{"line":1,"column":0},"end":{"line":1,"column":64}},"1":{"start":{"line":2,"column":0},"end":{"line":2,"column":76}},"2":{"start":{"line":3,"column":0},"end":{"line":3,"column":129}},"3":{"start":{"line":4,"column":0},"end":{"line":4,"column":129}},"4":{"start":{"line":6,"column":37},"end":{"line":16,"column":1}},"5":{"start":{"line":7,"column":22},"end":{"line":7,"column":23}},"6":{"start":{"line":8,"column":24},"end":{"line":8,"column":74}},"7":{"start":{"line":9,"column":4},"end":{"line":14,"column":5}},"8":{"start":{"line":10,"column":8},"end":{"line":13,"column":9}},"9":{"start":{"line":11,"column":25},"end":{"line":11,"column":81}},"10":{"start":{"line":12,"column":12},"end":{"line":12,"column":32}},"11":{"start":{"line":15,"column":4},"end":{"line":15,"column":23}},"12":{"start":{"line":69,"column":9},"end":{"line":69,"column":37}},"13":{"start":{"line":18,"column":37},"end":{"line":42,"column":1}},"14":{"start":{"line":19,"column":22},"end":{"line":19,"column":23}},"15":{"start":{"line":20,"column":24},"end":{"line":20,"column":74}},"16":{"start":{"line":21,"column":4},"end":{"line":40,"column":5}},"17":{"start":{"line":22,"column":8},"end":{"line":39,"column":9}},"18":{"start":{"line":23,"column":29},"end":{"line":23,"column":62}},"19":{"start":{"line":24,"column":25},"end":{"line":24,"column":81}},"20":{"start":{"line":25,"column":12},"end":{"line":38,"column":13}},"21":{"start":{"line":27,"column":20},"end":{"line":27,"column":75}},"22":{"start":{"line":28,"column":20},"end":{"line":28,"column":26}},"23":{"start":{"line":30,"column":20},"end":{"line":30,"column":75}},"24":{"start":{"line":31,"column":20},"end":{"line":31,"column":26}},"25":{"start":{"line":33,"column":20},"end":{"line":33,"column":73}},"26":{"start":{"line":34,"column":20},"end":{"line":34,"column":26}},"27":{"start":{"line":41,"column":4},"end":{"line":41,"column":23}},"28":{"start":{"line":69,"column":39},"end":{"line":69,"column":67}},"29":{"start":{"line":44,"column":37},"end":{"line":68,"column":1}},"30":{"start":{"line":45,"column":22},"end":{"line":45,"column":23}},"31":{"start":{"line":46,"column":24},"end":{"line":46,"column":74}},"32":{"start":{"line":47,"column":4},"end":{"line":66,"column":5}},"33":{"start":{"line":48,"column":8},"end":{"line":65,"column":9}},"34":{"start":{"line":49,"column":29},"end":{"line":49,"column":62}},"35":{"start":{"line":50,"column":25},"end":{"line":50,"column":81}},"36":{"start":{"line":51,"column":12},"end":{"line":64,"column":13}},"37":{"start":{"line":53,"column":20},"end":{"line":53,"column":75}},"38":{"start":{"line":54,"column":20},"end":{"line":54,"column":26}},"39":{"start":{"line":56,"column":20},"end":{"line":56,"column":75}},"40":{"start":{"line":57,"column":20},"end":{"line":57,"column":26}},"41":{"start":{"line":59,"column":20},"end":{"line":59,"column":73}},"42":{"start":{"line":60,"column":20},"end":{"line":60,"column":26}},"43":{"start":{"line":67,"column":4},"end":{"line":67,"column":23}},"44":{"start":{"line":69,"column":69},"end":{"line":69,"column":97}}},"fnMap":{"0":{"name":"(anonymous_0)","decl":{"start":{"line":6,"column":37},"end":{"line":6,"column":42}},"loc":{"start":{"line":6,"column":58},"end":{"line":16,"column":1}}},"1":{"name":"(anonymous_1)","decl":{"start":{"line":18,"column":37},"end":{"line":18,"column":42}},"loc":{"start":{"line":18,"column":58},"end":{"line":42,"column":1}}},"2":{"name":"(anonymous_2)","decl":{"start":{"line":44,"column":37},"end":{"line":44,"column":42}},"loc":{"start":{"line":44,"column":58},"end":{"line":68,"column":1}}}},"branchMap":{"0":{"loc":{"start":{"line":10,"column":8},"end":{"line":13,"column":9}},"type":"if","locations":[{"start":{"line":10,"column":8},"end":{"line":13,"column":9}}]},"1":{"loc":{"start":{"line":22,"column":8},"end":{"line":39,"column":9}},"type":"if","locations":[{"start":{"line":22,"column":8},"end":{"line":39,"column":9}}]},"2":{"loc":{"start":{"line":25,"column":12},"end":{"line":38,"column":13}},"type":"switch","locations":[{"start":{"line":26,"column":16},"end":{"line":28,"column":26}},{"start":{"line":29,"column":16},"end":{"line":31,"column":26}},{"start":{"line":32,"column":16},"end":{"line":34,"column":26}}]},"3":{"loc":{"start":{"line":48,"column":8},"end":{"line":65,"column":9}},"type":"if","locations":[{"start":{"line":48,"column":8},"end":{"line":65,"column":9}}]},"4":{"loc":{"start":{"line":51,"column":12},"end":{"line":64,"column":13}},"type":"switch","locations":[{"start":{"line":52,"column":16},"end":{"line":54,"column":26}},{"start":{"line":55,"column":16},"end":{"line":57,"column":26}},{"start":{"line":58,"column":16},"end":{"line":60,"column":26}}]}},"s":{"0":6,"1":6,"2":6,"3":6,"4":6,"5":0,"6":0,"7":0,"8":0,"9":0,"10":0,"11":0,"12":6,"13":6,"14":0,"15":0,"16":0,"17":0,"18":0,"19":0,"20":0,"21":0,"22":0,"23":0,"24":0,"25":0,"26":0,"27":0,"28":6,"29":6,"30":0,"31":0,"32":0,"33":0,"34":0,"35":0,"36":0,"37":0,"38":0,"39":0,"40":0,"41":0,"42":0,"43":0,"44":6},"f":{"0":0,"1":0,"2":0},"b":{"0":[0],"1":[0],"2":[0,0,0],"3":[0],"4":[0,0,0]}}
,"C:\\Users\\ALI MEHNDI\\Desktop\\NorthLadder\\Project-book-rental\\server\\dist\\calculations\\calculateRentbyRentalId.mjs": {"path":"C:\\Users\\ALI MEHNDI\\Desktop\\NorthLadder\\Project-book-rental\\server\\dist\\calculations\\calculateRentbyRentalId.mjs","statementMap":{"0":{"start":{"line":1,"column":0},"end":{"line":1,"column":64}},"1":{"start":{"line":2,"column":0},"end":{"line":2,"column":76}},"2":{"start":{"line":3,"column":0},"end":{"line":3,"column":129}},"3":{"start":{"line":4,"column":0},"end":{"line":4,"column":129}},"4":{"start":{"line":6,"column":49},"end":{"line":14,"column":1}},"5":{"start":{"line":7,"column":22},"end":{"line":7,"column":23}},"6":{"start":{"line":8,"column":23},"end":{"line":8,"column":59}},"7":{"start":{"line":9,"column":4},"end":{"line":12,"column":5}},"8":{"start":{"line":10,"column":21},"end":{"line":10,"column":83}},"9":{"start":{"line":11,"column":8},"end":{"line":11,"column":28}},"10":{"start":{"line":13,"column":4},"end":{"line":13,"column":23}},"11":{"start":{"line":63,"column":9},"end":{"line":63,"column":49}},"12":{"start":{"line":16,"column":49},"end":{"line":38,"column":1}},"13":{"start":{"line":17,"column":22},"end":{"line":17,"column":23}},"14":{"start":{"line":18,"column":23},"end":{"line":18,"column":59}},"15":{"start":{"line":19,"column":4},"end":{"line":36,"column":5}},"16":{"start":{"line":20,"column":25},"end":{"line":20,"column":64}},"17":{"start":{"line":21,"column":21},"end":{"line":21,"column":83}},"18":{"start":{"line":22,"column":8},"end":{"line":35,"column":9}},"19":{"start":{"line":24,"column":16},"end":{"line":24,"column":71}},"20":{"start":{"line":25,"column":16},"end":{"line":25,"column":22}},"21":{"start":{"line":27,"column":16},"end":{"line":27,"column":71}},"22":{"start":{"line":28,"column":16},"end":{"line":28,"column":22}},"23":{"start":{"line":30,"column":16},"end":{"line":30,"column":69}},"24":{"start":{"line":31,"column":16},"end":{"line":31,"column":22}},"25":{"start":{"line":37,"column":4},"end":{"line":37,"column":23}},"26":{"start":{"line":63,"column":51},"end":{"line":63,"column":91}},"27":{"start":{"line":40,"column":49},"end":{"line":62,"column":1}},"28":{"start":{"line":41,"column":22},"end":{"line":41,"column":23}},"29":{"start":{"line":42,"column":23},"end":{"line":42,"column":59}},"30":{"start":{"line":43,"column":4},"end":{"line":60,"column":5}},"31":{"start":{"line":44,"column":25},"end":{"line":44,"column":64}},"32":{"start":{"line":45,"column":21},"end":{"line":45,"column":83}},"33":{"start":{"line":46,"column":8},"end":{"line":59,"column":9}},"34":{"start":{"line":48,"column":16},"end":{"line":48,"column":71}},"35":{"start":{"line":49,"column":16},"end":{"line":49,"column":22}},"36":{"start":{"line":51,"column":16},"end":{"line":51,"column":71}},"37":{"start":{"line":52,"column":16},"end":{"line":52,"column":22}},"38":{"start":{"line":54,"column":16},"end":{"line":54,"column":69}},"39":{"start":{"line":55,"column":16},"end":{"line":55,"column":22}},"40":{"start":{"line":61,"column":4},"end":{"line":61,"column":23}},"41":{"start":{"line":63,"column":93},"end":{"line":63,"column":133}}},"fnMap":{"0":{"name":"(anonymous_0)","decl":{"start":{"line":6,"column":49},"end":{"line":6,"column":54}},"loc":{"start":{"line":6,"column":68},"end":{"line":14,"column":1}}},"1":{"name":"(anonymous_1)","decl":{"start":{"line":16,"column":49},"end":{"line":16,"column":54}},"loc":{"start":{"line":16,"column":68},"end":{"line":38,"column":1}}},"2":{"name":"(anonymous_2)","decl":{"start":{"line":40,"column":49},"end":{"line":40,"column":54}},"loc":{"start":{"line":40,"column":68},"end":{"line":62,"column":1}}}},"branchMap":{"0":{"loc":{"start":{"line":9,"column":4},"end":{"line":12,"column":5}},"type":"if","locations":[{"start":{"line":9,"column":4},"end":{"line":12,"column":5}}]},"1":{"loc":{"start":{"line":19,"column":4},"end":{"line":36,"column":5}},"type":"if","locations":[{"start":{"line":19,"column":4},"end":{"line":36,"column":5}}]},"2":{"loc":{"start":{"line":22,"column":8},"end":{"line":35,"column":9}},"type":"switch","locations":[{"start":{"line":23,"column":12},"end":{"line":25,"column":22}},{"start":{"line":26,"column":12},"end":{"line":28,"column":22}},{"start":{"line":29,"column":12},"end":{"line":31,"column":22}}]},"3":{"loc":{"start":{"line":43,"column":4},"end":{"line":60,"column":5}},"type":"if","locations":[{"start":{"line":43,"column":4},"end":{"line":60,"column":5}}]},"4":{"loc":{"start":{"line":46,"column":8},"end":{"line":59,"column":9}},"type":"switch","locations":[{"start":{"line":47,"column":12},"end":{"line":49,"column":22}},{"start":{"line":50,"column":12},"end":{"line":52,"column":22}},{"start":{"line":53,"column":12},"end":{"line":55,"column":22}}]}},"s":{"0":6,"1":6,"2":6,"3":6,"4":6,"5":3,"6":3,"7":3,"8":3,"9":3,"10":3,"11":6,"12":6,"13":3,"14":3,"15":3,"16":3,"17":3,"18":3,"19":1,"20":1,"21":1,"22":1,"23":1,"24":1,"25":3,"26":6,"27":6,"28":3,"29":3,"30":3,"31":3,"32":3,"33":3,"34":1,"35":1,"36":1,"37":1,"38":1,"39":1,"40":3,"41":6},"f":{"0":3,"1":3,"2":3},"b":{"0":[3],"1":[3],"2":[1,1,1],"3":[3],"4":[1,1,1]}}
,"C:\\Users\\ALI MEHNDI\\Desktop\\NorthLadder\\Project-book-rental\\server\\dist\\mongodb\\connectDB.mjs": {"path":"C:\\Users\\ALI MEHNDI\\Desktop\\NorthLadder\\Project-book-rental\\server\\dist\\mongodb\\connectDB.mjs","statementMap":{"0":{"start":{"line":1,"column":0},"end":{"line":1,"column":32}},"1":{"start":{"line":2,"column":18},"end":{"line":11,"column":1}},"2":{"start":{"line":3,"column":4},"end":{"line":10,"column":5}},"3":{"start":{"line":4,"column":21},"end":{"line":4,"column":63}},"4":{"start":{"line":5,"column":8},"end":{"line":5,"column":66}},"5":{"start":{"line":8,"column":8},"end":{"line":8,"column":41}},"6":{"start":{"line":9,"column":8},"end":{"line":9,"column":24}},"7":{"start":{"line":12,"column":0},"end":{"line":12,"column":25}}},"fnMap":{"0":{"name":"(anonymous_1)","decl":{"start":{"line":2,"column":18},"end":{"line":2,"column":23}},"loc":{"start":{"line":2,"column":29},"end":{"line":11,"column":1}}}},"branchMap":{},"s":{"0":6,"1":6,"2":6,"3":6,"4":5,"5":0,"6":0,"7":6},"f":{"0":6},"b":{}}
,"C:\\Users\\ALI MEHNDI\\Desktop\\NorthLadder\\Project-book-rental\\server\\dist\\mongodb\\models\\book.mjs": {"path":"C:\\Users\\ALI MEHNDI\\Desktop\\NorthLadder\\Project-book-rental\\server\\dist\\mongodb\\models\\book.mjs","statementMap":{"0":{"start":{"line":1,"column":0},"end":{"line":1,"column":44}},"1":{"start":{"line":2,"column":20},"end":{"line":10,"column":2}},"2":{"start":{"line":11,"column":26},"end":{"line":16,"column":2}},"3":{"start":{"line":17,"column":23},"end":{"line":22,"column":2}},"4":{"start":{"line":23,"column":20},"end":{"line":23,"column":68}},"5":{"start":{"line":26,"column":9},"end":{"line":26,"column":20}},"6":{"start":{"line":24,"column":17},"end":{"line":24,"column":59}},"7":{"start":{"line":26,"column":22},"end":{"line":26,"column":30}},"8":{"start":{"line":25,"column":14},"end":{"line":25,"column":50}},"9":{"start":{"line":26,"column":32},"end":{"line":26,"column":37}}},"fnMap":{},"branchMap":{},"s":{"0":6,"1":6,"2":6,"3":6,"4":6,"5":6,"6":6,"7":6,"8":6,"9":6},"f":{},"b":{}}
,"C:\\Users\\ALI MEHNDI\\Desktop\\NorthLadder\\Project-book-rental\\server\\dist\\mongodb\\routes\\bookRoutes.mjs": {"path":"C:\\Users\\ALI MEHNDI\\Desktop\\NorthLadder\\Project-book-rental\\server\\dist\\mongodb\\routes\\bookRoutes.mjs","statementMap":{"0":{"start":{"line":1,"column":0},"end":{"line":1,"column":30}},"1":{"start":{"line":2,"column":15},"end":{"line":2,"column":31}},"2":{"start":{"line":65,"column":19},"end":{"line":65,"column":29}},"3":{"start":{"line":3,"column":0},"end":{"line":3,"column":56}},"4":{"start":{"line":5,"column":0},"end":{"line":16,"column":3}},"5":{"start":{"line":6,"column":4},"end":{"line":15,"column":5}},"6":{"start":{"line":7,"column":21},"end":{"line":7,"column":49}},"7":{"start":{"line":8,"column":8},"end":{"line":8,"column":57}},"8":{"start":{"line":9,"column":8},"end":{"line":9,"column":35}},"9":{"start":{"line":10,"column":8},"end":{"line":10,"column":26}},"10":{"start":{"line":13,"column":8},"end":{"line":13,"column":24}},"11":{"start":{"line":14,"column":8},"end":{"line":14,"column":52}},"12":{"start":{"line":17,"column":0},"end":{"line":32,"column":3}},"13":{"start":{"line":18,"column":4},"end":{"line":31,"column":5}},"14":{"start":{"line":19,"column":21},"end":{"line":19,"column":60}},"15":{"start":{"line":20,"column":8},"end":{"line":26,"column":9}},"16":{"start":{"line":21,"column":12},"end":{"line":21,"column":28}},"17":{"start":{"line":24,"column":12},"end":{"line":24,"column":53}},"18":{"start":{"line":25,"column":12},"end":{"line":25,"column":39}},"19":{"start":{"line":29,"column":8},"end":{"line":29,"column":24}},"20":{"start":{"line":30,"column":8},"end":{"line":30,"column":54}},"21":{"start":{"line":33,"column":0},"end":{"line":46,"column":3}},"22":{"start":{"line":34,"column":4},"end":{"line":45,"column":5}},"23":{"start":{"line":35,"column":28},"end":{"line":35,"column":101}},"24":{"start":{"line":36,"column":8},"end":{"line":38,"column":9}},"25":{"start":{"line":37,"column":12},"end":{"line":37,"column":71}},"26":{"start":{"line":39,"column":8},"end":{"line":39,"column":50}},"27":{"start":{"line":40,"column":8},"end":{"line":40,"column":42}},"28":{"start":{"line":43,"column":8},"end":{"line":43,"column":24}},"29":{"start":{"line":44,"column":8},"end":{"line":44,"column":61}},"30":{"start":{"line":48,"column":0},"end":{"line":64,"column":3}},"31":{"start":{"line":49,"column":4},"end":{"line":63,"column":5}},"32":{"start":{"line":50,"column":34},"end":{"line":50,"column":103}},"33":{"start":{"line":51,"column":8},"end":{"line":58,"column":9}},"34":{"start":{"line":52,"column":12},"end":{"line":52,"column":65}},"35":{"start":{"line":55,"column":12},"end":{"line":55,"column":64}},"36":{"start":{"line":56,"column":12},"end":{"line":56,"column":72}},"37":{"start":{"line":57,"column":12},"end":{"line":57,"column":66}},"38":{"start":{"line":61,"column":8},"end":{"line":61,"column":72}},"39":{"start":{"line":62,"column":8},"end":{"line":62,"column":58}}},"fnMap":{"0":{"name":"(anonymous_1)","decl":{"start":{"line":5,"column":17},"end":{"line":5,"column":22}},"loc":{"start":{"line":5,"column":36},"end":{"line":16,"column":1}}},"1":{"name":"(anonymous_2)","decl":{"start":{"line":17,"column":23},"end":{"line":17,"column":28}},"loc":{"start":{"line":17,"column":42},"end":{"line":32,"column":1}}},"2":{"name":"(anonymous_3)","decl":{"start":{"line":33,"column":23},"end":{"line":33,"column":28}},"loc":{"start":{"line":33,"column":42},"end":{"line":46,"column":1}}},"3":{"name":"(anonymous_4)","decl":{"start":{"line":48,"column":26},"end":{"line":48,"column":31}},"loc":{"start":{"line":48,"column":45},"end":{"line":64,"column":1}}}},"branchMap":{"0":{"loc":{"start":{"line":20,"column":8},"end":{"line":26,"column":9}},"type":"if","locations":[{"start":{"line":20,"column":8},"end":{"line":26,"column":9}},{"start":{"line":23,"column":13},"end":{"line":26,"column":9}}]},"1":{"loc":{"start":{"line":36,"column":8},"end":{"line":38,"column":9}},"type":"if","locations":[{"start":{"line":36,"column":8},"end":{"line":38,"column":9}}]},"2":{"loc":{"start":{"line":51,"column":8},"end":{"line":58,"column":9}},"type":"if","locations":[{"start":{"line":51,"column":8},"end":{"line":58,"column":9}},{"start":{"line":54,"column":13},"end":{"line":58,"column":9}}]}},"s":{"0":6,"1":6,"2":6,"3":6,"4":6,"5":1,"6":1,"7":1,"8":1,"9":1,"10":0,"11":0,"12":6,"13":1,"14":1,"15":1,"16":0,"17":1,"18":1,"19":0,"20":0,"21":6,"22":1,"23":1,"24":1,"25":0,"26":1,"27":1,"28":0,"29":0,"30":6,"31":1,"32":1,"33":1,"34":0,"35":1,"36":1,"37":1,"38":0,"39":0},"f":{"0":1,"1":1,"2":1,"3":1},"b":{"0":[0,1],"1":[0],"2":[0,1]}}
,"C:\\Users\\ALI MEHNDI\\Desktop\\NorthLadder\\Project-book-rental\\server\\dist\\mongodb\\routes\\customerRoutes.mjs": {"path":"C:\\Users\\ALI MEHNDI\\Desktop\\NorthLadder\\Project-book-rental\\server\\dist\\mongodb\\routes\\customerRoutes.mjs","statementMap":{"0":{"start":{"line":1,"column":0},"end":{"line":1,"column":30}},"1":{"start":{"line":2,"column":15},"end":{"line":2,"column":31}},"2":{"start":{"line":63,"column":19},"end":{"line":63,"column":33}},"3":{"start":{"line":3,"column":0},"end":{"line":3,"column":59}},"4":{"start":{"line":5,"column":0},"end":{"line":17,"column":3}},"5":{"start":{"line":6,"column":4},"end":{"line":16,"column":5}},"6":{"start":{"line":7,"column":8},"end":{"line":7,"column":30}},"7":{"start":{"line":8,"column":21},"end":{"line":8,"column":52}},"8":{"start":{"line":9,"column":8},"end":{"line":9,"column":61}},"9":{"start":{"line":10,"column":8},"end":{"line":10,"column":26}},"10":{"start":{"line":11,"column":8},"end":{"line":11,"column":35}},"11":{"start":{"line":14,"column":8},"end":{"line":14,"column":28}},"12":{"start":{"line":15,"column":8},"end":{"line":15,"column":60}},"13":{"start":{"line":19,"column":0},"end":{"line":29,"column":3}},"14":{"start":{"line":20,"column":4},"end":{"line":28,"column":5}},"15":{"start":{"line":21,"column":21},"end":{"line":21,"column":67}},"16":{"start":{"line":22,"column":8},"end":{"line":22,"column":53}},"17":{"start":{"line":23,"column":8},"end":{"line":23,"column":35}},"18":{"start":{"line":26,"column":8},"end":{"line":26,"column":24}},"19":{"start":{"line":27,"column":8},"end":{"line":27,"column":53}},"20":{"start":{"line":31,"column":0},"end":{"line":44,"column":3}},"21":{"start":{"line":32,"column":4},"end":{"line":43,"column":5}},"22":{"start":{"line":33,"column":28},"end":{"line":33,"column":108}},"23":{"start":{"line":34,"column":8},"end":{"line":36,"column":9}},"24":{"start":{"line":35,"column":12},"end":{"line":35,"column":71}},"25":{"start":{"line":37,"column":8},"end":{"line":37,"column":53}},"26":{"start":{"line":38,"column":8},"end":{"line":38,"column":42}},"27":{"start":{"line":41,"column":8},"end":{"line":41,"column":24}},"28":{"start":{"line":42,"column":8},"end":{"line":42,"column":65}},"29":{"start":{"line":46,"column":0},"end":{"line":62,"column":3}},"30":{"start":{"line":47,"column":4},"end":{"line":61,"column":5}},"31":{"start":{"line":48,"column":34},"end":{"line":48,"column":111}},"32":{"start":{"line":49,"column":8},"end":{"line":56,"column":9}},"33":{"start":{"line":50,"column":12},"end":{"line":50,"column":65}},"34":{"start":{"line":53,"column":12},"end":{"line":53,"column":69}},"35":{"start":{"line":54,"column":12},"end":{"line":54,"column":80}},"36":{"start":{"line":55,"column":12},"end":{"line":55,"column":66}},"37":{"start":{"line":59,"column":8},"end":{"line":59,"column":24}},"38":{"start":{"line":60,"column":8},"end":{"line":60,"column":58}}},"fnMap":{"0":{"name":"(anonymous_1)","decl":{"start":{"line":5,"column":17},"end":{"line":5,"column":22}},"loc":{"start":{"line":5,"column":36},"end":{"line":17,"column":1}}},"1":{"name":"(anonymous_2)","decl":{"start":{"line":19,"column":27},"end":{"line":19,"column":32}},"loc":{"start":{"line":19,"column":46},"end":{"line":29,"column":1}}},"2":{"name":"(anonymous_3)","decl":{"start":{"line":31,"column":27},"end":{"line":31,"column":32}},"loc":{"start":{"line":31,"column":46},"end":{"line":44,"column":1}}},"3":{"name":"(anonymous_4)","decl":{"start":{"line":46,"column":30},"end":{"line":46,"column":35}},"loc":{"start":{"line":46,"column":49},"end":{"line":62,"column":1}}}},"branchMap":{"0":{"loc":{"start":{"line":34,"column":8},"end":{"line":36,"column":9}},"type":"if","locations":[{"start":{"line":34,"column":8},"end":{"line":36,"column":9}}]},"1":{"loc":{"start":{"line":49,"column":8},"end":{"line":56,"column":9}},"type":"if","locations":[{"start":{"line":49,"column":8},"end":{"line":56,"column":9}},{"start":{"line":52,"column":13},"end":{"line":56,"column":9}}]}},"s":{"0":6,"1":6,"2":6,"3":6,"4":6,"5":1,"6":1,"7":1,"8":1,"9":1,"10":1,"11":0,"12":0,"13":6,"14":1,"15":1,"16":1,"17":1,"18":0,"19":0,"20":6,"21":1,"22":1,"23":1,"24":0,"25":1,"26":1,"27":0,"28":0,"29":6,"30":1,"31":1,"32":1,"33":0,"34":1,"35":1,"36":1,"37":0,"38":0},"f":{"0":1,"1":1,"2":1,"3":1},"b":{"0":[0],"1":[0,1]}}
,"C:\\Users\\ALI MEHNDI\\Desktop\\NorthLadder\\Project-book-rental\\server\\dist\\mongodb\\routes\\rentalRoutes.mjs": {"path":"C:\\Users\\ALI MEHNDI\\Desktop\\NorthLadder\\Project-book-rental\\server\\dist\\mongodb\\routes\\rentalRoutes.mjs","statementMap":{"0":{"start":{"line":1,"column":0},"end":{"line":1,"column":30}},"1":{"start":{"line":2,"column":15},"end":{"line":2,"column":31}},"2":{"start":{"line":69,"column":19},"end":{"line":69,"column":31}},"3":{"start":{"line":3,"column":0},"end":{"line":3,"column":66}},"4":{"start":{"line":5,"column":0},"end":{"line":23,"column":3}},"5":{"start":{"line":6,"column":4},"end":{"line":22,"column":5}},"6":{"start":{"line":7,"column":22},"end":{"line":7,"column":36}},"7":{"start":{"line":8,"column":21},"end":{"line":8,"column":55}},"8":{"start":{"line":9,"column":25},"end":{"line":9,"column":66}},"9":{"start":{"line":10,"column":8},"end":{"line":17,"column":9}},"10":{"start":{"line":11,"column":25},"end":{"line":11,"column":108}},"11":{"start":{"line":12,"column":12},"end":{"line":12,"column":63}},"12":{"start":{"line":13,"column":12},"end":{"line":13,"column":39}},"13":{"start":{"line":16,"column":12},"end":{"line":16,"column":63}},"14":{"start":{"line":20,"column":8},"end":{"line":20,"column":28}},"15":{"start":{"line":21,"column":8},"end":{"line":21,"column":60}},"16":{"start":{"line":26,"column":0},"end":{"line":36,"column":3}},"17":{"start":{"line":27,"column":4},"end":{"line":35,"column":5}},"18":{"start":{"line":28,"column":21},"end":{"line":28,"column":68}},"19":{"start":{"line":29,"column":8},"end":{"line":29,"column":63}},"20":{"start":{"line":30,"column":8},"end":{"line":30,"column":35}},"21":{"start":{"line":33,"column":8},"end":{"line":33,"column":24}},"22":{"start":{"line":34,"column":8},"end":{"line":34,"column":53}},"23":{"start":{"line":38,"column":0},"end":{"line":51,"column":3}},"24":{"start":{"line":39,"column":4},"end":{"line":50,"column":5}},"25":{"start":{"line":40,"column":28},"end":{"line":40,"column":94}},"26":{"start":{"line":41,"column":8},"end":{"line":43,"column":9}},"27":{"start":{"line":42,"column":12},"end":{"line":42,"column":95}},"28":{"start":{"line":44,"column":8},"end":{"line":44,"column":63}},"29":{"start":{"line":45,"column":8},"end":{"line":45,"column":72}},"30":{"start":{"line":48,"column":8},"end":{"line":48,"column":24}},"31":{"start":{"line":49,"column":8},"end":{"line":49,"column":65}},"32":{"start":{"line":53,"column":0},"end":{"line":68,"column":3}},"33":{"start":{"line":54,"column":4},"end":{"line":67,"column":5}},"34":{"start":{"line":55,"column":21},"end":{"line":55,"column":68}},"35":{"start":{"line":56,"column":8},"end":{"line":62,"column":9}},"36":{"start":{"line":57,"column":12},"end":{"line":57,"column":70}},"37":{"start":{"line":58,"column":12},"end":{"line":58,"column":64}},"38":{"start":{"line":61,"column":12},"end":{"line":61,"column":65}},"39":{"start":{"line":65,"column":8},"end":{"line":65,"column":24}},"40":{"start":{"line":66,"column":8},"end":{"line":66,"column":58}}},"fnMap":{"0":{"name":"(anonymous_1)","decl":{"start":{"line":5,"column":17},"end":{"line":5,"column":22}},"loc":{"start":{"line":5,"column":36},"end":{"line":23,"column":1}}},"1":{"name":"(anonymous_2)","decl":{"start":{"line":26,"column":25},"end":{"line":26,"column":30}},"loc":{"start":{"line":26,"column":44},"end":{"line":36,"column":1}}},"2":{"name":"(anonymous_3)","decl":{"start":{"line":38,"column":25},"end":{"line":38,"column":30}},"loc":{"start":{"line":38,"column":44},"end":{"line":51,"column":1}}},"3":{"name":"(anonymous_4)","decl":{"start":{"line":53,"column":28},"end":{"line":53,"column":33}},"loc":{"start":{"line":53,"column":47},"end":{"line":68,"column":1}}}},"branchMap":{"0":{"loc":{"start":{"line":10,"column":8},"end":{"line":17,"column":9}},"type":"if","locations":[{"start":{"line":10,"column":8},"end":{"line":17,"column":9}},{"start":{"line":15,"column":13},"end":{"line":17,"column":9}}]},"1":{"loc":{"start":{"line":10,"column":12},"end":{"line":10,"column":28}},"type":"binary-expr","locations":[{"start":{"line":10,"column":12},"end":{"line":10,"column":16}},{"start":{"line":10,"column":20},"end":{"line":10,"column":28}}]},"2":{"loc":{"start":{"line":41,"column":8},"end":{"line":43,"column":9}},"type":"if","locations":[{"start":{"line":41,"column":8},"end":{"line":43,"column":9}}]},"3":{"loc":{"start":{"line":56,"column":8},"end":{"line":62,"column":9}},"type":"if","locations":[{"start":{"line":56,"column":8},"end":{"line":62,"column":9}},{"start":{"line":60,"column":13},"end":{"line":62,"column":9}}]}},"s":{"0":6,"1":6,"2":6,"3":6,"4":6,"5":1,"6":1,"7":1,"8":1,"9":1,"10":1,"11":1,"12":1,"13":0,"14":0,"15":0,"16":6,"17":1,"18":1,"19":1,"20":1,"21":0,"22":0,"23":6,"24":1,"25":1,"26":1,"27":0,"28":1,"29":1,"30":0,"31":0,"32":6,"33":1,"34":1,"35":1,"36":1,"37":1,"38":0,"39":0,"40":0},"f":{"0":1,"1":1,"2":1,"3":1},"b":{"0":[1,0],"1":[1,1],"2":[0],"3":[1,0]}}
}
