TN:
SF:dist\app.mjs
FN:21,(anonymous_1)
FN:31,(anonymous_2)
FN:49,(anonymous_3)
FNF:3
FNH:1
FNDA:0,(anonymous_1)
FNDA:3,(anonymous_2)
FNDA:0,(anonymous_3)
DA:1,4
DA:2,4
DA:3,4
DA:4,4
DA:5,4
DA:6,4
DA:7,4
DA:8,4
DA:9,4
DA:10,4
DA:11,4
DA:12,4
DA:13,4
DA:15,4
DA:16,4
DA:17,4
DA:18,4
DA:19,4
DA:20,4
DA:21,4
DA:22,0
DA:27,4
DA:28,4
DA:29,4
DA:31,4
DA:32,3
DA:33,3
DA:34,3
DA:35,3
DA:36,0
DA:38,3
DA:39,3
DA:40,3
DA:41,3
DA:44,0
DA:45,0
DA:49,4
DA:50,0
DA:52,0
DA:54,0
DA:55,0
DA:56,0
DA:59,0
DA:60,0
DA:61,0
DA:62,0
DA:65,0
DA:66,0
LF:48
LH:33
BRDA:35,0,0,0
BRDA:55,1,0,0
BRF:2
BRH:0
end_of_record
TN:
SF:dist\calculations\calculateChargesFor2.mjs
FN:1,(anonymous_0)
FN:4,(anonymous_1)
FN:7,(anonymous_2)
FNF:3
FNH:3
FNDA:4,(anonymous_0)
FNDA:4,(anonymous_1)
FNDA:4,(anonymous_2)
DA:1,5
DA:2,4
DA:4,5
DA:5,4
DA:7,5
DA:8,4
DA:10,5
LF:7
LH:7
BRF:0
BRH:0
end_of_record
TN:
SF:dist\calculations\calculateChargesFor3.mjs
FN:1,(anonymous_0)
FN:11,(anonymous_1)
FN:14,(anonymous_2)
FNF:3
FNH:3
FNDA:5,(anonymous_0)
FNDA:3,(anonymous_1)
FNDA:4,(anonymous_2)
DA:1,5
DA:2,5
DA:3,5
DA:4,2
DA:7,3
DA:9,5
DA:11,5
DA:12,3
DA:14,5
DA:15,4
DA:16,4
DA:17,1
DA:20,3
DA:22,4
DA:24,5
LF:15
LH:15
BRDA:3,0,0,2
BRDA:3,0,1,3
BRDA:16,1,0,1
BRDA:16,1,1,3
BRF:4
BRH:4
end_of_record
TN:
SF:dist\calculations\calculateDaysBetweenDates.mjs
FN:2,calculateDaysBetweenDates
FNF:1
FNH:1
FNDA:14,calculateDaysBetweenDates
DA:3,14
DA:4,14
DA:5,14
DA:6,14
DA:7,1
DA:10,13
DA:11,13
DA:13,5
LF:8
LH:8
BRDA:6,0,0,1
BRF:1
BRH:1
end_of_record
TN:
SF:dist\calculations\calculateRentByCustomerId.mjs
FN:6,(anonymous_0)
FN:18,(anonymous_1)
FN:44,(anonymous_2)
FNF:3
FNH:0
FNDA:0,(anonymous_0)
FNDA:0,(anonymous_1)
FNDA:0,(anonymous_2)
DA:1,4
DA:2,4
DA:3,4
DA:4,4
DA:6,4
DA:7,0
DA:8,0
DA:9,0
DA:10,0
DA:11,0
DA:12,0
DA:15,0
DA:18,4
DA:19,0
DA:20,0
DA:21,0
DA:22,0
DA:23,0
DA:24,0
DA:25,0
DA:27,0
DA:28,0
DA:30,0
DA:31,0
DA:33,0
DA:34,0
DA:41,0
DA:44,4
DA:45,0
DA:46,0
DA:47,0
DA:48,0
DA:49,0
DA:50,0
DA:51,0
DA:53,0
DA:54,0
DA:56,0
DA:57,0
DA:59,0
DA:60,0
DA:67,0
DA:69,4
LF:43
LH:8
BRDA:10,0,0,0
BRDA:22,1,0,0
BRDA:25,2,0,0
BRDA:25,2,1,0
BRDA:25,2,2,0
BRDA:48,3,0,0
BRDA:51,4,0,0
BRDA:51,4,1,0
BRDA:51,4,2,0
BRF:9
BRH:0
end_of_record
TN:
SF:dist\calculations\calculateRentbyRentalId.mjs
FN:6,(anonymous_0)
FN:16,(anonymous_1)
FN:40,(anonymous_2)
FNF:3
FNH:3
FNDA:3,(anonymous_0)
FNDA:3,(anonymous_1)
FNDA:3,(anonymous_2)
DA:1,4
DA:2,4
DA:3,4
DA:4,4
DA:6,4
DA:7,3
DA:8,3
DA:9,3
DA:10,3
DA:11,3
DA:13,3
DA:16,4
DA:17,3
DA:18,3
DA:19,3
DA:20,3
DA:21,3
DA:22,3
DA:24,1
DA:25,1
DA:27,1
DA:28,1
DA:30,1
DA:31,1
DA:37,3
DA:40,4
DA:41,3
DA:42,3
DA:43,3
DA:44,3
DA:45,3
DA:46,3
DA:48,1
DA:49,1
DA:51,1
DA:52,1
DA:54,1
DA:55,1
DA:61,3
DA:63,4
LF:40
LH:40
BRDA:9,0,0,3
BRDA:19,1,0,3
BRDA:22,2,0,1
BRDA:22,2,1,1
BRDA:22,2,2,1
BRDA:43,3,0,3
BRDA:46,4,0,1
BRDA:46,4,1,1
BRDA:46,4,2,1
BRF:9
BRH:9
end_of_record
TN:
SF:dist\mongodb\connectDB.mjs
FN:2,(anonymous_1)
FNF:1
FNH:1
FNDA:4,(anonymous_1)
DA:1,4
DA:2,4
DA:3,4
DA:4,4
DA:5,4
DA:8,0
DA:9,0
DA:12,4
LF:8
LH:6
BRF:0
BRH:0
end_of_record
TN:
SF:dist\mongodb\models\book.mjs
FNF:0
FNH:0
DA:1,4
DA:2,4
DA:11,4
DA:17,4
DA:23,4
DA:24,4
DA:25,4
DA:26,4
LF:8
LH:8
BRF:0
BRH:0
end_of_record
TN:
SF:dist\mongodb\routes\bookRoutes.mjs
FN:5,(anonymous_1)
FN:17,(anonymous_2)
FN:33,(anonymous_3)
FN:48,(anonymous_4)
FNF:4
FNH:4
FNDA:1,(anonymous_1)
FNDA:1,(anonymous_2)
FNDA:1,(anonymous_3)
FNDA:1,(anonymous_4)
DA:1,4
DA:2,4
DA:3,4
DA:5,4
DA:6,1
DA:7,1
DA:8,1
DA:9,1
DA:10,1
DA:13,0
DA:14,0
DA:17,4
DA:18,1
DA:19,1
DA:20,1
DA:21,0
DA:24,1
DA:25,1
DA:29,0
DA:30,0
DA:33,4
DA:34,1
DA:35,1
DA:36,1
DA:37,0
DA:39,1
DA:40,1
DA:43,0
DA:44,0
DA:48,4
DA:49,1
DA:50,1
DA:51,1
DA:52,0
DA:55,1
DA:56,1
DA:57,1
DA:61,0
DA:62,0
DA:65,4
LF:40
LH:29
BRDA:20,0,0,0
BRDA:20,0,1,1
BRDA:36,1,0,0
BRDA:51,2,0,0
BRDA:51,2,1,1
BRF:5
BRH:2
end_of_record
TN:
SF:dist\mongodb\routes\customerRoutes.mjs
FN:5,(anonymous_1)
FN:19,(anonymous_2)
FN:31,(anonymous_3)
FN:46,(anonymous_4)
FNF:4
FNH:4
FNDA:1,(anonymous_1)
FNDA:1,(anonymous_2)
FNDA:1,(anonymous_3)
FNDA:1,(anonymous_4)
DA:1,4
DA:2,4
DA:3,4
DA:5,4
DA:6,1
DA:7,1
DA:8,1
DA:9,1
DA:10,1
DA:11,1
DA:14,0
DA:15,0
DA:19,4
DA:20,1
DA:21,1
DA:22,1
DA:23,1
DA:26,0
DA:27,0
DA:31,4
DA:32,1
DA:33,1
DA:34,1
DA:35,0
DA:37,1
DA:38,1
DA:41,0
DA:42,0
DA:46,4
DA:47,1
DA:48,1
DA:49,1
DA:50,0
DA:53,1
DA:54,1
DA:55,1
DA:59,0
DA:60,0
DA:63,4
LF:39
LH:29
BRDA:34,0,0,0
BRDA:49,1,0,0
BRDA:49,1,1,1
BRF:3
BRH:1
end_of_record
TN:
SF:dist\mongodb\routes\rentalRoutes.mjs
FN:5,(anonymous_1)
FN:26,(anonymous_2)
FN:38,(anonymous_3)
FN:53,(anonymous_4)
FNF:4
FNH:4
FNDA:1,(anonymous_1)
FNDA:1,(anonymous_2)
FNDA:1,(anonymous_3)
FNDA:1,(anonymous_4)
DA:1,4
DA:2,4
DA:3,4
DA:5,4
DA:6,1
DA:7,1
DA:8,1
DA:9,1
DA:10,1
DA:11,1
DA:12,1
DA:13,1
DA:16,0
DA:20,0
DA:21,0
DA:26,4
DA:27,1
DA:28,1
DA:29,1
DA:30,1
DA:33,0
DA:34,0
DA:38,4
DA:39,1
DA:40,1
DA:41,1
DA:42,0
DA:44,1
DA:45,1
DA:48,0
DA:49,0
DA:53,4
DA:54,1
DA:55,1
DA:56,1
DA:57,1
DA:58,1
DA:61,0
DA:65,0
DA:66,0
DA:69,4
LF:41
LH:30
BRDA:10,0,0,1
BRDA:10,0,1,0
BRDA:10,1,0,1
BRDA:10,1,1,1
BRDA:41,2,0,0
BRDA:56,3,0,1
BRDA:56,3,1,0
BRF:7
BRH:4
end_of_record
